{"result":{"name":"The Kiev Major"},"error":null}
{"result":[{"name":"The Kiev Major","0":"The Kiev Major"}],"error":null}
{"result":{"tournament":"The Kiev Major","start":"7.1-","end":"9.2-","format":"TBD","fund":"100000","tier":"1","count":{"COUNT(*)":"0"}},"error":null}
{"result":{"tournament":"The Kiev Major","start":"7.1-","end":"9.2-","format":"TBD","fund":"100000","tier":"1","count":{"COUNT(*)":"3"}},"error":null}
{"result":{"tournament":"The Kiev Major","start":"2017-11-27","end":"2017-12-19","format":"TBD","fund":"100000","tier":"1","count":{"COUNT(*)":"3"}},"error":null}
{"result":{"tournament":"The Kiev Major","start":"27.11","end":"19.12","format":"TBD","fund":"100000","tier":"1","count":{"COUNT(*)":"3"}},"error":null}
{"result":{"tournament":"The Kiev Major","start":"27.11","end":"19.12","format":"TBD","fund":"100000","tier":"1","count":"3"},"error":null}
[ Sat, 28 Nov 2020 15:18:48 +0100 ]: Method "getTournamentInfo" in "index.php" , Error: " Метод не найден "; 
{"result":null,"error":{"code":"-32601","message":"Метод не найден"}}
{"result":{"tournament":"The Kiev Major","start":"27.11","end":"19.12","fund":"100000","city":"г. Киев","country":"Ukraine"},"error":null}
{"result":[],"error":null}
{"result":[{"id_tournament":"1","0":"1","id_team":"3","1":"3","2":"3","id_discipline":"1","3":"1","name":"OG","4":"OG","id_country":"1","5":"1","full_winrate":"40.00","6":"40.00","local_winrate":"10.00","7":"10.00","winstreak":"10","8":"10","current_position":"3","9":"3","last_position":"3","10":"3"},{"id_tournament":"1","0":"1","id_team":"4","1":"4","2":"4","id_discipline":"1","3":"1","name":"HG","4":"HG","id_country":"2","5":"2","full_winrate":"40.00","6":"40.00","local_winrate":"10.00","7":"10.00","winstreak":"10","8":"10","current_position":"3","9":"3","last_position":"3","10":"3"},{"id_tournament":"1","0":"1","id_team":"5","1":"5","2":"5","id_discipline":"1","3":"1","name":"EG","4":"EG","id_country":"1","5":"1","full_winrate":"40.00","6":"40.00","local_winrate":"10.00","7":"10.00","winstreak":"10","8":"10","current_position":"3","9":"3","last_position":"3","10":"3"}],"error":null}
{"result":[{"name":"OG","0":"OG"},{"name":"HG","0":"HG"},{"name":"EG","0":"EG"}],"error":null}
{"result":[{"score1":null,"score2":null,"format":null,"ladder":null,"state":null,"team1":null,"team2":null},{"score1":null,"score2":null,"format":null,"ladder":null,"state":null,"team1":null,"team2":null},{"score1":null,"score2":null,"format":null,"ladder":null,"state":null,"team1":null,"team2":null}],"error":null}
{"result":[{"id_match":"1","0":"1","id_tournament":"1","1":"1","first_team":"3","2":"3","second_team":"4","3":"4","first_score":"2","4":"2","second_score":"3","5":"3","format":"Bo5","6":"Bo5","ladder":"1\/4","7":"1\/4","state":"3","8":"3"},{"id_match":"2","0":"2","id_tournament":"1","1":"1","first_team":"4","2":"4","second_team":"5","3":"5","first_score":"2","4":"2","second_score":"3","5":"3","format":"Bo5","6":"Bo5","ladder":"1\/4","7":"1\/4","state":"3","8":"3"},{"id_match":"3","0":"3","id_tournament":"1","1":"1","first_team":"5","2":"5","second_team":"3","3":"3","first_score":"2","4":"2","second_score":"3","5":"3","format":"Bo5","6":"Bo5","ladder":"1\/4","7":"1\/4","state":"3","8":"3"}],"error":null}
{"result":{"id_match":"1","0":"1","id_tournament":"1","1":"1","first_team":"3","2":"3","second_team":"4","3":"4","first_score":"2","4":"2","second_score":"3","5":"3","format":"Bo5","6":"Bo5","ladder":"1\/4","7":"1\/4","state":"3","8":"3"},"error":null}
{"result":null,"error":null}
{"result":"3","error":null}
{"result":[{"score1":"2","score2":"3","format":"Bo5","ladder":"1\/4","state":"3","team1":"OG","team2":"HG"},{"score1":"2","score2":"3","format":"Bo5","ladder":"1\/4","state":"3","team1":"HG","team2":"EG"},{"score1":"2","score2":"3","format":"Bo5","ladder":"1\/4","state":"3","team1":"EG","team2":"OG"}],"error":null}
{"result":{"score1":"2","score2":"3","format":"Bo5","ladder":"1\/4","state":"3","team1":"OG","full_winrate1":"40.00","local_winrate1":"10.00","winstreak1":"10.00","current_position1":"3","country1":null,"team2":"HG","full_winrate2":"40.00","local_winrate2":"10.00","winstreak2":"10.00","current_position2":"3","country2":null},"error":null}
{"result":{"score1":"2","score2":"3","format":"Bo5","ladder":"1\/4","state":"3","team1":"OG","full_winrate1":"40.00","local_winrate1":"10.00","winstreak1":"10.00","current_position1":"3","country1":"Russia","team2":"HG","full_winrate2":"40.00","local_winrate2":"10.00","winstreak2":"10.00","current_position2":"3","country2":"Ukraine"},"error":null}
{"result":[{"id_team":"1","0":"1","id_discipline":"1","1":"1","name":"Russia","2":"OG","id_country":"1","3":"1","full_winrate":"40.00","4":"40.00","local_winrate":"99.99","5":"99.99","winstreak":"10","6":"10","current_position":"3","7":"3","last_position":"3","8":"3","9":"1","10":"Russia"},{"id_team":"2","0":"2","id_discipline":"1","1":"1","name":"Russia","2":"OG","id_country":"1","3":"1","full_winrate":"40.00","4":"40.00","local_winrate":"10.00","5":"10.00","winstreak":"10","6":"10","current_position":"3","7":"3","last_position":"3","8":"3","9":"1","10":"Russia"},{"id_team":"3","0":"3","id_discipline":"1","1":"1","name":"Russia","2":"OG","id_country":"1","3":"1","full_winrate":"40.00","4":"40.00","local_winrate":"10.00","5":"10.00","winstreak":"10","6":"10","current_position":"3","7":"3","last_position":"3","8":"3","9":"1","10":"Russia"},{"id_team":"4","0":"4","id_discipline":"1","1":"1","name":"Ukraine","2":"HG","id_country":"2","3":"2","full_winrate":"40.00","4":"40.00","local_winrate":"10.00","5":"10.00","winstreak":"10","6":"10","current_position":"3","7":"3","last_position":"3","8":"3","9":"2","10":"Ukraine"},{"id_team":"5","0":"5","id_discipline":"1","1":"1","name":"Russia","2":"EG","id_country":"1","3":"1","full_winrate":"40.00","4":"40.00","local_winrate":"10.00","5":"10.00","winstreak":"10","6":"10","current_position":"3","7":"3","last_position":"3","8":"3","9":"1","10":"Russia"}],"error":null}
{"result":[{"name":"OG","diff":0,"country":"Russia"},{"name":"OG","diff":0,"country":"Russia"},{"name":"OG","diff":0,"country":"Russia"},{"name":"HG","diff":0,"country":"Ukraine"},{"name":"EG","diff":0,"country":"Russia"}],"error":null}
{"result":{"name":"EG","full_winrate":"40.00","local_winrate":"10.00","winstreak":"10","current_position":"3","last_position":"3","country":"Russia","players":[{"id_team":"5","0":"5","id_player":"1","1":"1"},{"id_team":"5","0":"5","id_player":"2","1":"2"}]},"error":null}
{"result":{"name":"EG","full_winrate":"40.00","local_winrate":"10.00","winstreak":"10","current_position":"3","last_position":"3","country":"Russia","players":[{"id_player":"1","first_name":"Fedor","last_name":"Ugly","nickname":"Bazinga"},{"id_player":"2","first_name":"Misha","last_name":"Turk","nickname":"OwO"}]},"error":null}
